⎔ Starting local server...
[wrangler:warn] The latest compatibility date supported by the installed Cloudflare Workers Runtime is "2026-02-10",
but you've requested "2026-02-12". Falling back to "2026-02-10"...
Features enabled by your requested compatibility date may not be available.
Upgrade to `wrangler@4.65.0` to remove this warning.
[wrangler:info] Ready on http://localhost:8787
[wrangler:info] OPTIONS /api/auth/me 204 No Content (13ms)
[wrangler:info] OPTIONS /api/notifications 204 No Content (16ms)
[wrangler:info] OPTIONS /api/projects/qVoJb5agFPkCel-GVtQhL 204 No Content (17ms)
[wrangler:info] OPTIONS /api/projects/qVoJb5agFPkCel-GVtQhL/statuses 204 No Content (17ms)
[wrangler:info] OPTIONS /api/projects/qVoJb5agFPkCel-GVtQhL/tasks 204 No Content (17ms)
[wrangler:info] OPTIONS /api/projects/qVoJb5agFPkCel-GVtQhL/members 204 No Content (18ms)
[wrangler:info] GET /api/auth/me 200 OK (23ms)
[wrangler:info] GET /api/projects/qVoJb5agFPkCel-GVtQhL 200 OK (24ms)
[wrangler:info] GET /api/notifications 200 OK (22ms)
Environment keys: [ 'JWT_SECRET', 'DB' ]
✘ [ERROR] CRITICAL: PROJECT_BOARD binding is missing from c.env!


[wrangler:info] GET /api/projects/qVoJb5agFPkCel-GVtQhL/ws 500 Internal Server Error (43ms)
[wrangler:info] GET /api/projects/qVoJb5agFPkCel-GVtQhL/statuses 200 OK (62ms)
[wrangler:info] GET /api/projects/qVoJb5agFPkCel-GVtQhL/tasks 200 OK (62ms)
[wrangler:info] GET /api/projects/qVoJb5agFPkCel-GVtQhL/members 200 OK (63ms)
[wrangler:info] OPTIONS /api/auth/me 204 No Content (4ms)
[wrangler:info] OPTIONS /api/notifications 204 No Content (6ms)
[wrangler:info] OPTIONS /api/projects/qVoJb5agFPkCel-GVtQhL 204 No Content (6ms)
[wrangler:info] OPTIONS /api/projects/qVoJb5agFPkCel-GVtQhL/statuses 204 No Content (6ms)
[wrangler:info] OPTIONS /api/projects/qVoJb5agFPkCel-GVtQhL/tasks 204 No Content (7ms)
[wrangler:info] OPTIONS /api/projects/qVoJb5agFPkCel-GVtQhL/members 204 No Content (7ms)
[wrangler:info] GET /api/auth/me 200 OK (11ms)
[wrangler:info] GET /api/notifications 200 OK (11ms)
[wrangler:info] GET /api/projects/qVoJb5agFPkCel-GVtQhL 200 OK (11ms)
[wrangler:info] GET /api/projects/qVoJb5agFPkCel-GVtQhL/ws 500 Internal Server Error (27ms)
[wrangler:info] GET /api/projects/qVoJb5agFPkCel-GVtQhL/statuses 200 OK (36ms)
[wrangler:info] GET /api/projects/qVoJb5agFPkCel-GVtQhL/tasks 200 OK (35ms)
[wrangler:info] GET /api/projects/qVoJb5agFPkCel-GVtQhL/members 200 OK (36ms)
Environment keys: [ 'JWT_SECRET', 'DB' ]
✘ [ERROR] CRITICAL: PROJECT_BOARD binding is missing from c.env!


[wrangler:info] OPTIONS /api/tasks/XY6XVgnMuY1_qGyA5cOB5/status 204 No Content (3ms)
✘ [ERROR] Failed to notify project board TypeError: Cannot read properties of undefined (reading 'idFromName')

      at TaskService.notifyProject
  (file:///home/andiputraw/Probe/tektik2/backend/src/services/task.service.ts:23:42)
      at TaskService.moveTask
  (file:///home/andiputraw/Probe/tektik2/backend/src/services/task.service.ts:102:20)
      at null.<anonymous> (async
  file:///home/andiputraw/Probe/tektik2/backend/.wrangler/tmp/dev-FdR1ae/index.js:26938:21)
      at async dispatch
  (file:///home/andiputraw/Probe/tektik2/backend/node_modules/hono/dist/compose.js:22:17)
      at null.<anonymous> (async
  file:///home/andiputraw/Probe/tektik2/backend/.wrangler/tmp/dev-FdR1ae/index.js:2932:12)
      at async mw
  (file:///home/andiputraw/Probe/tektik2/backend/node_modules/@hono/zod-openapi/src/index.ts:546:26)
      at async dispatch
  (file:///home/andiputraw/Probe/tektik2/backend/node_modules/hono/dist/compose.js:22:17)
      at null.<anonymous> (async
  file:///home/andiputraw/Probe/tektik2/backend/.wrangler/tmp/dev-FdR1ae/index.js:2932:12)
      at async dispatch
  (file:///home/andiputraw/Probe/tektik2/backend/node_modules/hono/dist/compose.js:22:17)
      at async requireAuth (file:///home/andiputraw/Probe/tektik2/backend/src/index.ts:95:5)


[wrangler:info] PATCH /api/tasks/XY6XVgnMuY1_qGyA5cOB5/status 200 OK (15ms)
